  ofApp.cpp
  Info: Boost.Config is older than your compiler version - probably nothing bad will happen - but you may wish to look for an update Boost version.  Define BOOST_CONFIG_SUPPRESS_OUTDATED_MESSAGE to suppress this message.
C:\Users\danrj\OneDrive - Bath Spa University\openFrameworks_vs\openFrameworks_vs\libs\openFrameworks\math\ofMatrix4x4.h(326,20): warning C4267: 'argument': conversion from 'size_t' to 'int', possible loss of data
  (compiling source file 'src/ofApp.cpp')
  
C:\Users\danrj\OneDrive - Bath Spa University\openFrameworks_vs\openFrameworks_vs\libs\openFrameworks\math\ofMatrix4x4.h(331,20): warning C4267: 'argument': conversion from 'size_t' to 'int', possible loss of data
  (compiling source file 'src/ofApp.cpp')
  
C:\Users\danrj\OneDrive - Bath Spa University\openFrameworks_vs\openFrameworks_vs\libs\openFrameworks\math\ofMatrix4x4.h(912,11): warning C4267: 'argument': conversion from 'size_t' to 'int', possible loss of data
  (compiling source file 'src/ofApp.cpp')
  
C:\Users\danrj\OneDrive - Bath Spa University\openFrameworks_vs\openFrameworks_vs\libs\openFrameworks\math\ofMatrix4x4.h(913,11): warning C4267: 'argument': conversion from 'size_t' to 'int', possible loss of data
  (compiling source file 'src/ofApp.cpp')
  
C:\Users\danrj\OneDrive - Bath Spa University\openFrameworks_vs\openFrameworks_vs\libs\openFrameworks\math\ofMatrix4x4.h(914,11): warning C4267: 'argument': conversion from 'size_t' to 'int', possible loss of data
  (compiling source file 'src/ofApp.cpp')
  
C:\Users\danrj\OneDrive - Bath Spa University\openFrameworks_vs\openFrameworks_vs\libs\openFrameworks\math\ofMatrix4x4.h(915,11): warning C4267: 'argument': conversion from 'size_t' to 'int', possible loss of data
  (compiling source file 'src/ofApp.cpp')
  
     Creating library bin\Calculator_ app_debug.lib and object bin\Calculator_ app_debug.exp
  Calculator_ app.vcxproj -> C:\Users\danrj\OneDrive - Bath Spa University\Software Project Development\Calculator-individual-upload-test\Calculator_ app\bin\Calculator_ app_debug.exe
  
  	                   2	C:\Users\danrj\OneDrive - Bath Spa University\openFrameworks_vs\openFrameworks_vs\libs\fmod\lib\vs\x64\
  	  *EXTRA File 		 6942208	C:\Users\danrj\OneDrive - Bath Spa University\Software Project Development\Calculator-individual-upload-test\Calculator_ app\bin\FreeImage.dll
  
  	                   1	C:\Users\danrj\OneDrive - Bath Spa University\openFrameworks_vs\openFrameworks_vs\libs\FreeImage\lib\vs\x64\
  	  *EXTRA File 		 1826304	C:\Users\danrj\OneDrive - Bath Spa University\Software Project Development\Calculator-individual-upload-test\Calculator_ app\bin\fmod.dll
  	  *EXTRA File 		 2041856	C:\Users\danrj\OneDrive - Bath Spa University\Software Project Development\Calculator-individual-upload-test\Calculator_ app\bin\fmodL.dll
